
> nexus-gadgets@1.0.0 dev
> vite --host 127.0.0.1 --port 4173


  [32m[1mVITE[22m v5.4.21[39m  [2mready in [0m[1m607[22m[2m[0m ms[22m

  [32m➜[39m  [1mLocal[22m:   [36mhttp://127.0.0.1:[1m4173[22m/[39m
[2m2:36:34 pm[22m [36m[1m[vite][22m[39m [32mpage reload [39m[2m.tmp/cloudinary-collection.html[22m
[2m2:43:47 pm[22m [36m[1m[vite][22m[39m [32mhmr update [39m[2m/src/components/HeroSection.jsx, /src/index.css[22m
[2m2:47:31 pm[22m [36m[1m[vite][22m[39m [32mhmr update [39m[2m/src/components/HeroSection.jsx, /src/index.css[22m
[2m2:54:06 pm[22m [36m[1m[vite][22m[39m [32mhmr update [39m[2m/src/components/HeroSection.jsx, /src/index.css[22m
[2m3:03:54 pm[22m [36m[1m[vite][22m[39m [32mhmr update [39m[2m/src/components/HeroSection.jsx, /src/index.css[22m
[2m3:04:41 pm[22m [36m[1m[vite][22m[39m [32mhmr update [39m[2m/src/components/HeroSection.jsx[22m
[2m3:05:38 pm[22m [36m[1m[vite][22m[39m [32m✨ new dependencies optimized: [33mgsap[32m[39m
[2m3:05:38 pm[22m [36m[1m[vite][22m[39m [32m✨ optimized dependencies changed. reloading[39m
[2m3:10:21 pm[22m [36m[1m[vite][22m[39m [32mpage reload [39m[2mindex.html[22m
[2m3:10:23 pm[22m [36m[1m[vite][22m[39m [32mpage reload [39m[2mindex.html[22m
[2m3:10:24 pm[22m [36m[1m[vite][22m[39m [32mpage reload [39m[2mindex.html[22m
[2m3:10:29 pm[22m [36m[1m[vite][22m[39m [32mpage reload [39m[2mindex.html[22m
[2m3:10:31 pm[22m [36m[1m[vite][22m[39m [32mpage reload [39m[2mindex.html[22m
[2m3:10:34 pm[22m [36m[1m[vite][22m[39m [32mpage reload [39m[2mindex.html[22m
[2m3:10:35 pm[22m [36m[1m[vite][22m[39m [32mpage reload [39m[2mindex.html[22m
[2m3:10:38 pm[22m [36m[1m[vite][22m[39m [32mpage reload [39m[2mindex.html[22m
[2m3:10:42 pm[22m [36m[1m[vite][22m[39m [32mpage reload [39m[2mindex.html[22m
[2m3:10:45 pm[22m [36m[1m[vite][22m[39m [32mpage reload [39m[2mindex.html[22m
[2m3:14:23 pm[22m [36m[1m[vite][22m[39m [32mhmr update [39m[2m/src/components/HeroSection.jsx, /src/index.css[22m
